time="2025-10-25T15:19:51+03:00" level=info msg="Logger initialized successfully" func="main.main()" file="main.go:18"
time="2025-10-25T15:19:51+03:00" level=info msg="REALTIME_API_KEY found" func="main.main()" file="main.go:26"
time="2025-10-25T15:19:51+03:00" level=info msg="Initializing Alchemy client for network: ethereum" func="lib/clients/node/alchemy.NewAlchemyClient()" file="client.go:28"
time="2025-10-25T15:19:52+03:00" level=info msg="Successfully connected to Alchemy network: ethereum" func="lib/clients/node/alchemy.NewAlchemyClient()" file="client.go:41"
time="2025-10-25T15:19:52+03:00" level=info msg="Starting new block subscription setup." func="blockhub/services/realtime-miner/internal/collector.(*realtimeCollector).SubscribeNewBlocks()" file="realtime_collector.go:30"
time="2025-10-25T15:19:52+03:00" level=info msg="Subscribed to new blocks, waiting for incoming data..." func="main.main()" file="main.go:67"
time="2025-10-25T15:19:52+03:00" level=info msg="Attempting to subscribe (Retry 0)..." func="blockhub/services/realtime-miner/internal/collector.(*realtimeCollector).SubscribeNewBlocks.func1()" file="realtime_collector.go:50"
time="2025-10-25T15:19:52+03:00" level=info msg="Successfully subscribed to new block headers." func="blockhub/services/realtime-miner/internal/collector.(*realtimeCollector).SubscribeNewBlocks.func1()" file="realtime_collector.go:71"
time="2025-10-25T15:19:52+03:00" level=info msg="Block header stream started." func="blockhub/services/realtime-miner/internal/collector.(*realtimeCollector).processSubscription()" file="realtime_collector.go:90"
time="2025-10-25T15:20:02+03:00" level=info msg="block transfer stopped" func="blockhub/services/realtime-miner/internal/worker.(*BlockTransfer).TransferBlocks()" file="last_block.go:39"
time="2025-10-25T15:20:02+03:00" level=info msg="Shutdown signal received, stopping services..." func="main.main()" file="main.go:74"
time="2025-10-25T15:20:02+03:00" level=warning msg="Subscription disconnected. Attempting to reconnect..." func="blockhub/services/realtime-miner/internal/collector.(*realtimeCollector).SubscribeNewBlocks.func1()" file="realtime_collector.go:75"
time="2025-10-25T15:21:21+03:00" level=info msg="Logger initialized successfully" func="main.main()" file="main.go:18"
time="2025-10-25T15:21:21+03:00" level=info msg="REALTIME_API_KEY found" func="main.main()" file="main.go:26"
time="2025-10-25T15:21:21+03:00" level=info msg="Initializing Alchemy client for network: ethereum" func="lib/clients/node/alchemy.NewAlchemyClient()" file="client.go:28"
time="2025-10-25T15:21:22+03:00" level=info msg="Successfully connected to Alchemy network: ethereum" func="lib/clients/node/alchemy.NewAlchemyClient()" file="client.go:41"
time="2025-10-25T15:21:22+03:00" level=info msg="Starting new block subscription setup." func="blockhub/services/realtime-miner/internal/collector.(*realtimeCollector).SubscribeNewBlocks()" file="realtime_collector.go:30"
time="2025-10-25T15:21:22+03:00" level=info msg="Subscribed to new blocks, waiting for incoming data..." func="main.main()" file="main.go:67"
time="2025-10-25T15:21:22+03:00" level=info msg="Attempting to subscribe (Retry 0)..." func="blockhub/services/realtime-miner/internal/collector.(*realtimeCollector).SubscribeNewBlocks.func1()" file="realtime_collector.go:50"
time="2025-10-25T15:21:22+03:00" level=info msg="Successfully subscribed to new block headers." func="blockhub/services/realtime-miner/internal/collector.(*realtimeCollector).SubscribeNewBlocks.func1()" file="realtime_collector.go:71"
time="2025-10-25T15:21:22+03:00" level=info msg="Block header stream started." func="blockhub/services/realtime-miner/internal/collector.(*realtimeCollector).processSubscription()" file="realtime_collector.go:90"
time="2025-10-25T15:21:28+03:00" level=info msg="Block 23654437 collection completed in 1.358669743s (block: 460.80131ms, receipts: 811.429393ms, metrics: 86.435517ms) - 166 tx, 16947211 gas, miner: 0xdadB0d80178819F2319190D340ce9A924f783711" func="lib/blocks/collector.(*BlockCollector).CollectBlockByNumber()" file="one_block.go:51"
time="2025-10-25T15:21:28+03:00" level=info msg="Successfully processed block #23654437" func="blockhub/services/realtime-miner/internal/collector.(*realtimeCollector).processSubscription()" file="realtime_collector.go:159"
time="2025-10-25T15:24:08+03:00" level=info msg="Logger initialized successfully" func="main.main()" file="main.go:18"
time="2025-10-25T15:24:08+03:00" level=info msg="REALTIME_API_KEY found" func="main.main()" file="main.go:26"
time="2025-10-25T15:24:08+03:00" level=info msg="Initializing Alchemy client for network: ethereum" func="lib/clients/node/alchemy.NewAlchemyClient()" file="client.go:28"
time="2025-10-25T15:24:08+03:00" level=info msg="Successfully connected to Alchemy network: ethereum" func="lib/clients/node/alchemy.NewAlchemyClient()" file="client.go:41"
time="2025-10-25T15:24:08+03:00" level=info msg="Starting new block subscription setup." func="blockhub/services/realtime-miner/internal/collector.(*realtimeCollector).SubscribeNewBlocks()" file="realtime_collector.go:30"
time="2025-10-25T15:24:08+03:00" level=info msg="Subscribed to new blocks, waiting for incoming data..." func="main.main()" file="main.go:67"
time="2025-10-25T15:24:08+03:00" level=info msg="Attempting to subscribe (Retry 0)..." func="blockhub/services/realtime-miner/internal/collector.(*realtimeCollector).SubscribeNewBlocks.func1()" file="realtime_collector.go:50"
time="2025-10-25T15:24:09+03:00" level=info msg="Successfully subscribed to new block headers." func="blockhub/services/realtime-miner/internal/collector.(*realtimeCollector).SubscribeNewBlocks.func1()" file="realtime_collector.go:71"
time="2025-10-25T15:24:09+03:00" level=info msg="Block header stream started." func="blockhub/services/realtime-miner/internal/collector.(*realtimeCollector).processSubscription()" file="realtime_collector.go:90"
time="2025-10-25T15:24:15+03:00" level=info msg="Block 23654451 collection completed in 1.703168471s (block: 450.159365ms, receipts: 1.180793809s, metrics: 72.213401ms) - 211 tx, 22634328 gas, miner: 0xdadB0d80178819F2319190D340ce9A924f783711" func="lib/blocks/collector.(*BlockCollector).CollectBlockByNumber()" file="one_block.go:51"
time="2025-10-25T15:24:15+03:00" level=info msg="Successfully processed block #23654451" func="blockhub/services/realtime-miner/internal/collector.(*realtimeCollector).processSubscription()" file="realtime_collector.go:159"
time="2025-10-25T15:26:51+03:00" level=info msg="Logger initialized successfully" func="main.main()" file="main.go:19"
time="2025-10-25T15:26:51+03:00" level=info msg="REALTIME_API_KEY found" func="main.main()" file="main.go:27"
time="2025-10-25T15:26:51+03:00" level=info msg="Initializing Alchemy client for network: ethereum" func="lib/clients/node/alchemy.NewAlchemyClient()" file="client.go:28"
time="2025-10-25T15:26:52+03:00" level=info msg="Successfully connected to Alchemy network: ethereum" func="lib/clients/node/alchemy.NewAlchemyClient()" file="client.go:41"
time="2025-10-25T15:26:52+03:00" level=info msg="Starting new block subscription setup." func="blockhub/services/realtime-miner/internal/collector.(*realtimeCollector).SubscribeNewBlocks()" file="realtime_collector.go:30"
time="2025-10-25T15:26:52+03:00" level=info msg="Subscribed to new blocks, waiting for incoming data..." func="main.main()" file="main.go:70"
time="2025-10-25T15:26:52+03:00" level=info msg="Attempting to subscribe (Retry 0)..." func="blockhub/services/realtime-miner/internal/collector.(*realtimeCollector).SubscribeNewBlocks.func1()" file="realtime_collector.go:50"
time="2025-10-25T15:26:52+03:00" level=info msg="Successfully subscribed to new block headers." func="blockhub/services/realtime-miner/internal/collector.(*realtimeCollector).SubscribeNewBlocks.func1()" file="realtime_collector.go:71"
time="2025-10-25T15:26:52+03:00" level=info msg="Block header stream started." func="blockhub/services/realtime-miner/internal/collector.(*realtimeCollector).processSubscription()" file="realtime_collector.go:90"
time="2025-10-25T15:26:54+03:00" level=info msg="Shutdown signal received, stopping services..." func="main.main()" file="main.go:77"
time="2025-10-25T15:26:54+03:00" level=info msg="block transfer stopped" func="blockhub/services/realtime-miner/internal/worker.(*BlockTransfer).TransferBlocks()" file="last_block.go:39"
time="2025-10-25T15:26:54+03:00" level=warning msg="Subscription disconnected. Attempting to reconnect..." func="blockhub/services/realtime-miner/internal/collector.(*realtimeCollector).SubscribeNewBlocks.func1()" file="realtime_collector.go:75"
time="2025-10-25T15:27:07+03:00" level=info msg="Logger initialized successfully" func="main.main()" file="main.go:19"
time="2025-10-25T15:27:07+03:00" level=info msg="REALTIME_API_KEY found" func="main.main()" file="main.go:27"
time="2025-10-25T15:27:07+03:00" level=info msg="Initializing Alchemy client for network: ethereum" func="lib/clients/node/alchemy.NewAlchemyClient()" file="client.go:28"
time="2025-10-25T15:27:07+03:00" level=info msg="Successfully connected to Alchemy network: ethereum" func="lib/clients/node/alchemy.NewAlchemyClient()" file="client.go:41"
time="2025-10-25T15:27:07+03:00" level=info msg="Starting new block subscription setup." func="blockhub/services/realtime-miner/internal/collector.(*realtimeCollector).SubscribeNewBlocks()" file="realtime_collector.go:30"
time="2025-10-25T15:27:07+03:00" level=info msg="Subscribed to new blocks, waiting for incoming data..." func="main.main()" file="main.go:70"
time="2025-10-25T15:27:07+03:00" level=info msg="Attempting to subscribe (Retry 0)..." func="blockhub/services/realtime-miner/internal/collector.(*realtimeCollector).SubscribeNewBlocks.func1()" file="realtime_collector.go:50"
time="2025-10-25T15:27:07+03:00" level=info msg="Successfully subscribed to new block headers." func="blockhub/services/realtime-miner/internal/collector.(*realtimeCollector).SubscribeNewBlocks.func1()" file="realtime_collector.go:71"
time="2025-10-25T15:27:07+03:00" level=info msg="Block header stream started." func="blockhub/services/realtime-miner/internal/collector.(*realtimeCollector).processSubscription()" file="realtime_collector.go:90"
time="2025-10-25T15:27:11+03:00" level=info msg="Shutdown signal received, stopping services..." func="main.main()" file="main.go:77"
time="2025-10-25T15:27:11+03:00" level=info msg="block transfer stopped" func="blockhub/services/realtime-miner/internal/worker.(*BlockTransfer).TransferBlocks()" file="last_block.go:39"
time="2025-10-25T15:27:11+03:00" level=warning msg="Subscription disconnected. Attempting to reconnect..." func="blockhub/services/realtime-miner/internal/collector.(*realtimeCollector).SubscribeNewBlocks.func1()" file="realtime_collector.go:75"
time="2025-10-25T15:27:43+03:00" level=info msg="Logger initialized successfully" func="main.main()" file="main.go:19"
time="2025-10-25T15:27:43+03:00" level=info msg="REALTIME_API_KEY found" func="main.main()" file="main.go:27"
time="2025-10-25T15:27:43+03:00" level=info msg="Initializing Alchemy client for network: ethereum" func="lib/clients/node/alchemy.NewAlchemyClient()" file="client.go:28"
time="2025-10-25T15:27:44+03:00" level=info msg="Successfully connected to Alchemy network: ethereum" func="lib/clients/node/alchemy.NewAlchemyClient()" file="client.go:41"
time="2025-10-25T15:27:44+03:00" level=info msg="Starting new block subscription setup." func="blockhub/services/realtime-miner/internal/collector.(*realtimeCollector).SubscribeNewBlocks()" file="realtime_collector.go:30"
time="2025-10-25T15:27:44+03:00" level=info msg="Subscribed to new blocks, waiting for incoming data..." func="main.main()" file="main.go:70"
time="2025-10-25T15:27:44+03:00" level=info msg="Attempting to subscribe (Retry 0)..." func="blockhub/services/realtime-miner/internal/collector.(*realtimeCollector).SubscribeNewBlocks.func1()" file="realtime_collector.go:50"
time="2025-10-25T15:27:44+03:00" level=info msg="Successfully subscribed to new block headers." func="blockhub/services/realtime-miner/internal/collector.(*realtimeCollector).SubscribeNewBlocks.func1()" file="realtime_collector.go:71"
time="2025-10-25T15:27:44+03:00" level=info msg="Block header stream started." func="blockhub/services/realtime-miner/internal/collector.(*realtimeCollector).processSubscription()" file="realtime_collector.go:90"
time="2025-10-25T15:28:05+03:00" level=info msg="Block 23654469 collection completed in 2.937615419s (block: 887.024307ms, receipts: 1.865914644s, metrics: 184.672284ms) - 410 tx, 32105461 gas, miner: 0x95222290DD7278Aa3Ddd389Cc1E1d165CC4BAfe5" func="lib/blocks/collector.(*BlockCollector).CollectBlockByNumber()" file="one_block.go:51"
time="2025-10-25T15:28:05+03:00" level=info msg="Successfully processed block #23654469" func="blockhub/services/realtime-miner/internal/collector.(*realtimeCollector).processSubscription()" file="realtime_collector.go:159"
time="2025-10-25T15:28:05+03:00" level=info msg="Block 0x542609dcf8e0bc738865f66a1163cc029bc5b743edfa25fe572460d1cf03624c sent to Kafka successfully (attempt 1)" func="blockhub/services/realtime-miner/internal/worker.(*BlockTransfer).sendWithRetry()" file="last_block.go:88"
time="2025-10-25T15:28:09+03:00" level=info msg="Shutdown signal received, stopping services..." func="main.main()" file="main.go:77"
time="2025-10-25T15:28:09+03:00" level=info msg="block transfer stopped" func="blockhub/services/realtime-miner/internal/worker.(*BlockTransfer).TransferBlocks()" file="last_block.go:39"
time="2025-10-25T15:28:09+03:00" level=warning msg="Subscription disconnected. Attempting to reconnect..." func="blockhub/services/realtime-miner/internal/collector.(*realtimeCollector).SubscribeNewBlocks.func1()" file="realtime_collector.go:75"
